curl: (22) The requested URL returned error: 429
curl: (22) The requested URL returned error: 429
curl: (22) The requested URL returned error: 429
 ERROR:  curl command failed ( Mon Feb 10 10:27:22 CET 2025 ) with: 22
-X POST https://eutils.ncbi.nlm.nih.gov/entrez/eutils/efetch.fcgi -d db=nuccore&id=NC_012483&rettype=genbank&retmode=text&style=withparts&tool=edirect&edirect=22.4&edirect_os=Linux&email=zs85xk%40bio.aau.dk%40bio-oscloud01.srv.aau.dk
 ERROR:  curl command failed ( Mon Feb 10 10:27:22 CET 2025 ) with: 22
-X POST https://eutils.ncbi.nlm.nih.gov/entrez/eutils/efetch.fcgi -d db=nuccore&id=NC_000918&rettype=genbank&retmode=text&style=withparts&tool=edirect&edirect=22.4&edirect_os=Linux&email=zs85xk%40bio.aau.dk%40bio-oscloud01.srv.aau.dk
 ERROR:  curl command failed ( Mon Feb 10 10:27:22 CET 2025 ) with: 22
-X POST https://eutils.ncbi.nlm.nih.gov/entrez/eutils/efetch.fcgi -d db=nuccore&id=NC_015064&rettype=genbank&retmode=text&style=withparts&tool=edirect&edirect=22.4&edirect_os=Linux&email=zs85xk%40bio.aau.dk%40bio-oscloud01.srv.aau.dk
HTTP/1.1 429 Too Many Requests
HTTP/1.1 429 Too Many Requests
HTTP/1.1 429 Too Many Requests
 WARNING:  FAILURE ( Mon Feb 10 10:27:21 CET 2025 )
nquire WARNING:  FAILURE ( Mon Feb 10 10:27:21 CET 2025 )
 WARNING:  FAILURE ( Mon Feb 10 10:27:21 CET 2025 )
 -urlnquirenquire -url https://eutils.ncbi.nlm.nih.gov/entrez/eutils/ -url https://eutils.ncbi.nlm.nih.gov/entrez/eutils/ https://eutils.ncbi.nlm.nih.gov/entrez/eutils/ efetch.fcgi efetch.fcgi -db efetch.fcgi -db nuccore -db nuccore nuccore -id -id -id NC_012483 NC_015064 -rettype -rettype NC_000918 genbank -retmode genbank -rettype text genbank -retmode -style -retmode text withparts text -style -tool -style edirect withparts -edirect withparts -tool -tool 22.4 edirect edirect -edirect -edirect_os 22.4 Linux -edirect -edirect_os 22.4 -edirect_os -email Linux Linux zs85xk@bio.aau.dk@bio-oscloud01.srv.aau.dk
 -emailEMPTY RESULT
SECOND ATTEMPT
 -email zs85xk@bio.aau.dk@bio-oscloud01.srv.aau.dk
 zs85xk@bio.aau.dk@bio-oscloud01.srv.aau.dk
EMPTY RESULT
SECOND ATTEMPT
EMPTY RESULT
SECOND ATTEMPT
curl: (22) The requested URL returned error: 429
 ERROR:  curl command failed ( Mon Feb 10 10:28:30 CET 2025 ) with: 22
-X POST https://eutils.ncbi.nlm.nih.gov/entrez/eutils/efetch.fcgi -d db=nuccore&id=NC_013061&rettype=genbank&retmode=text&style=withparts&tool=edirect&edirect=22.4&edirect_os=Linux&email=zs85xk%40bio.aau.dk%40bio-oscloud01.srv.aau.dk
HTTP/1.1 429 Too Many Requests
 WARNING:  FAILURE ( Mon Feb 10 10:28:29 CET 2025 )
nquire -url https://eutils.ncbi.nlm.nih.gov/entrez/eutils/ efetch.fcgi -db nuccore -id NC_013061 -rettype genbank -retmode text -style withparts -tool edirect -edirect 22.4 -edirect_os Linux -email zs85xk@bio.aau.dk@bio-oscloud01.srv.aau.dk
EMPTY RESULT
SECOND ATTEMPT
curl: (22) The requested URL returned error: 429
 ERROR:  curl command failed ( Mon Feb 10 10:29:24 CET 2025 ) with: 22
-X POST https://eutils.ncbi.nlm.nih.gov/entrez/eutils/efetch.fcgi -d db=nuccore&id=NC_015501&rettype=genbank&retmode=text&style=withparts&tool=edirect&edirect=22.4&edirect_os=Linux&email=zs85xk%40bio.aau.dk%40bio-oscloud01.srv.aau.dk
HTTP/1.1 429 Too Many Requests
 WARNING:  FAILURE ( Mon Feb 10 10:29:24 CET 2025 )
nquire -url https://eutils.ncbi.nlm.nih.gov/entrez/eutils/ efetch.fcgi -db nuccore -id NC_015501 -rettype genbank -retmode text -style withparts -tool edirect -edirect 22.4 -edirect_os Linux -email zs85xk@bio.aau.dk@bio-oscloud01.srv.aau.dk
EMPTY RESULT
SECOND ATTEMPT
curl: (22) The requested URL returned error: 429
 ERROR:  curl command failed ( Mon Feb 10 10:30:45 CET 2025 ) with: 22
-X POST https://eutils.ncbi.nlm.nih.gov/entrez/eutils/efetch.fcgi -d db=nuccore&id=NC_007292&rettype=genbank&retmode=text&style=withparts&tool=edirect&edirect=22.4&edirect_os=Linux&email=zs85xk%40bio.aau.dk%40bio-oscloud01.srv.aau.dk
HTTP/1.1 429 Too Many Requests
 WARNING:  FAILURE ( Mon Feb 10 10:30:45 CET 2025 )
nquire -url https://eutils.ncbi.nlm.nih.gov/entrez/eutils/ efetch.fcgi -db nuccore -id NC_007292 -rettype genbank -retmode text -style withparts -tool edirect -edirect 22.4 -edirect_os Linux -email zs85xk@bio.aau.dk@bio-oscloud01.srv.aau.dk
EMPTY RESULT
SECOND ATTEMPT
curl: (22) The requested URL returned error: 429
 ERROR:  curl command failed ( Mon Feb 10 10:31:08 CET 2025 ) with: 22
-X POST https://eutils.ncbi.nlm.nih.gov/entrez/eutils/efetch.fcgi -d db=nuccore&id=NC_013771&rettype=genbank&retmode=text&style=withparts&tool=edirect&edirect=22.4&edirect_os=Linux&email=zs85xk%40bio.aau.dk%40bio-oscloud01.srv.aau.dk
HTTP/1.1 429 Too Many Requests
 WARNING:  FAILURE ( Mon Feb 10 10:31:08 CET 2025 )
nquire -url https://eutils.ncbi.nlm.nih.gov/entrez/eutils/ efetch.fcgi -db nuccore -id NC_013771 -rettype genbank -retmode text -style withparts -tool edirect -edirect 22.4 -edirect_os Linux -email zs85xk@bio.aau.dk@bio-oscloud01.srv.aau.dk
EMPTY RESULT
SECOND ATTEMPT
curl: (22) The requested URL returned error: 429
 ERROR:  curl command failed ( Mon Feb 10 10:31:32 CET 2025 ) with: 22
-X POST https://eutils.ncbi.nlm.nih.gov/entrez/eutils/efetch.fcgi -d db=nuccore&id=NC_019814&rettype=genbank&retmode=text&style=withparts&tool=edirect&edirect=22.4&edirect_os=Linux&email=zs85xk%40bio.aau.dk%40bio-oscloud01.srv.aau.dk
HTTP/1.1 429 Too Many Requests
 WARNING:  FAILURE ( Mon Feb 10 10:31:31 CET 2025 )
nquire -url https://eutils.ncbi.nlm.nih.gov/entrez/eutils/ efetch.fcgi -db nuccore -id NC_019814 -rettype genbank -retmode text -style withparts -tool edirect -edirect 22.4 -edirect_os Linux -email zs85xk@bio.aau.dk@bio-oscloud01.srv.aau.dk
EMPTY RESULT
SECOND ATTEMPT
curl: (22) The requested URL returned error: 429
 ERROR:  curl command failed ( Mon Feb 10 10:31:45 CET 2025 ) with: 22
-X POST https://eutils.ncbi.nlm.nih.gov/entrez/eutils/efetch.fcgi -d db=nuccore&id=NC_021919&rettype=genbank&retmode=text&style=withparts&tool=edirect&edirect=22.4&edirect_os=Linux&email=zs85xk%40bio.aau.dk%40bio-oscloud01.srv.aau.dk
HTTP/1.1 429 Too Many Requests
 WARNING:  FAILURE ( Mon Feb 10 10:31:45 CET 2025 )
nquire -url https://eutils.ncbi.nlm.nih.gov/entrez/eutils/ efetch.fcgi -db nuccore -id NC_021919 -rettype genbank -retmode text -style withparts -tool edirect -edirect 22.4 -edirect_os Linux -email zs85xk@bio.aau.dk@bio-oscloud01.srv.aau.dk
EMPTY RESULT
SECOND ATTEMPT
curl: (22) The requested URL returned error: 429
 ERROR:  curl command failed ( Mon Feb 10 10:32:12 CET 2025 ) with: 22
-X POST https://eutils.ncbi.nlm.nih.gov/entrez/eutils/efetch.fcgi -d db=nuccore&id=NC_000963&rettype=genbank&retmode=text&style=withparts&tool=edirect&edirect=22.4&edirect_os=Linux&email=zs85xk%40bio.aau.dk%40bio-oscloud01.srv.aau.dk
HTTP/1.1 429 Too Many Requests
 WARNING:  FAILURE ( Mon Feb 10 10:32:11 CET 2025 )
nquire -url https://eutils.ncbi.nlm.nih.gov/entrez/eutils/ efetch.fcgi -db nuccore -id NC_000963 -rettype genbank -retmode text -style withparts -tool edirect -edirect 22.4 -edirect_os Linux -email zs85xk@bio.aau.dk@bio-oscloud01.srv.aau.dk
EMPTY RESULT
SECOND ATTEMPT
curl: (22) The requested URL returned error: 429
 ERROR:  curl command failed ( Mon Feb 10 10:35:04 CET 2025 ) with: 22
-X POST https://eutils.ncbi.nlm.nih.gov/entrez/eutils/efetch.fcgi -d db=nuccore&id=NC_012730&rettype=genbank&retmode=text&style=withparts&tool=edirect&edirect=22.4&edirect_os=Linux&email=zs85xk%40bio.aau.dk%40bio-oscloud01.srv.aau.dk
HTTP/1.1 429 Too Many Requests
 WARNING:  FAILURE ( Mon Feb 10 10:35:03 CET 2025 )
nquire -url https://eutils.ncbi.nlm.nih.gov/entrez/eutils/ efetch.fcgi -db nuccore -id NC_012730 -rettypecurl: (22) The requested URL returned error: 429
 genbank ERROR:  curl command failed ( Mon Feb 10 10:35:04 CET 2025 ) with: 22
-X POST https://eutils.ncbi.nlm.nih.gov/entrez/eutils/efetch.fcgi -d db=nuccore&id=NC_012808&rettype=genbank&retmode=text&style=withparts&tool=edirect&edirect=22.4&edirect_os=Linux&email=zs85xk%40bio.aau.dk%40bio-oscloud01.srv.aau.dk
HTTP/1.1 429 Too Many Requests
 -retmode WARNING:  FAILURE ( Mon Feb 10 10:35:04 CET 2025 )
 textnquire -url -style https://eutils.ncbi.nlm.nih.gov/entrez/eutils/ withparts -tool efetch.fcgi edirect -db nuccore -edirect -id 22.4 NC_012808 -edirect_os Linux -rettype -email genbank zs85xk@bio.aau.dk@bio-oscloud01.srv.aau.dk
EMPTY RESULT
SECOND ATTEMPT
 -retmode text -style withparts -tool edirect -edirect 22.4 -edirect_os Linux -email zs85xk@bio.aau.dk@bio-oscloud01.srv.aau.dk
EMPTY RESULT
SECOND ATTEMPT
curl: (22) The requested URL returned error: 429
 ERROR:  curl command failed ( Mon Feb 10 10:36:35 CET 2025 ) with: 22
-X POST https://eutils.ncbi.nlm.nih.gov/entrez/eutils/efetch.fcgi -d db=nuccore&id=NC_017059&rettype=genbank&retmode=text&style=withparts&tool=edirect&edirect=22.4&edirect_os=Linux&email=zs85xk%40bio.aau.dk%40bio-oscloud01.srv.aau.dk
HTTP/1.1 429 Too Many Requests
 WARNING:  FAILURE ( Mon Feb 10 10:36:34 CET 2025 )
nquire -url https://eutils.ncbi.nlm.nih.gov/entrez/eutils/ efetch.fcgi -db nuccore -id NC_017059 -rettype genbank -retmode text -style withparts -tool edirect -edirect 22.4 -edirect_os Linux -email zs85xk@bio.aau.dk@bio-oscloud01.srv.aau.dk
EMPTY RESULT
SECOND ATTEMPT
curl: (22) The requested URL returned error: 429
 ERROR:  curl command failed ( Mon Feb 10 10:37:06 CET 2025 ) with: 22
-X POST https://eutils.ncbi.nlm.nih.gov/entrez/eutils/efetch.fcgi -d db=nuccore&id=NC_019973&rettype=genbank&retmode=text&style=withparts&tool=edirect&edirect=22.4&edirect_os=Linux&email=zs85xk%40bio.aau.dk%40bio-oscloud01.srv.aau.dk
HTTP/1.1 429 Too Many Requests
 WARNING:  FAILURE ( Mon Feb 10 10:37:06 CET 2025 )
nquire -url https://eutils.ncbi.nlm.nih.gov/entrez/eutils/ efetch.fcgi -db nuccore -id NC_019973 -rettype genbank -retmode text -style withparts -tool edirect -edirect 22.4 -edirect_os Linux -email zs85xk@bio.aau.dk@bio-oscloud01.srv.aau.dk
EMPTY RESULT
SECOND ATTEMPT
curl: (22) The requested URL returned error: 429
 ERROR:  curl command failed ( Mon Feb 10 10:37:50 CET 2025 ) with: 22
-X POST https://eutils.ncbi.nlm.nih.gov/entrez/eutils/efetch.fcgi -d db=nuccore&id=NC_005085&rettype=genbank&retmode=text&style=withparts&tool=edirect&edirect=22.4&edirect_os=Linux&email=zs85xk%40bio.aau.dk%40bio-oscloud01.srv.aau.dk
HTTP/1.1 429 Too Many Requests
 WARNING:  FAILURE ( Mon Feb 10 10:37:50 CET 2025 )
nquire -url https://eutils.ncbi.nlm.nih.gov/entrez/eutils/ efetch.fcgi -db nuccore -id NC_005085 -rettype genbank -retmode text -style withparts -tool edirect -edirect 22.4 -edirect_os Linux -email zs85xk@bio.aau.dk@bio-oscloud01.srv.aau.dk
EMPTY RESULT
SECOND ATTEMPT
curl: (22) The requested URL returned error: 429
 ERROR:  curl command failed ( Mon Feb 10 10:38:43 CET 2025 ) with: 22
-X POST https://eutils.ncbi.nlm.nih.gov/entrez/eutils/efetch.fcgi -d db=nuccore&id=NC_008782&rettype=genbank&retmode=text&style=withparts&tool=edirect&edirect=22.4&edirect_os=Linux&email=zs85xk%40bio.aau.dk%40bio-oscloud01.srv.aau.dk
HTTP/1.1 429 Too Many Requests
 WARNING:  FAILURE ( Mon Feb 10 10:38:42 CET 2025 )
nquire -url https://eutils.ncbi.nlm.nih.gov/entrez/eutils/ efetch.fcgi -db nuccore -id NC_008782 -rettype genbank -retmode text -style withparts -tool edirect -edirect 22.4 -edirect_os Linux -email zs85xk@bio.aau.dk@bio-oscloud01.srv.aau.dk
EMPTY RESULT
SECOND ATTEMPT
curl: (22) The requested URL returned error: 429
 ERROR:  curl command failed ( Mon Feb 10 10:39:49 CET 2025 ) with: 22
-X POST https://eutils.ncbi.nlm.nih.gov/entrez/eutils/efetch.fcgi -d db=nuccore&id=NC_012721&rettype=genbank&retmode=text&style=withparts&tool=edirect&edirect=22.4&edirect_os=Linux&email=zs85xk%40bio.aau.dk%40bio-oscloud01.srv.aau.dk
HTTP/1.1 429 Too Many Requests
 WARNING:  FAILURE ( Mon Feb 10 10:39:49 CET 2025 )
nquire -url https://eutils.ncbi.nlm.nih.gov/entrez/eutils/ efetch.fcgi -db nuccore -id NC_012721 -rettype genbank -retmode text -style withparts -tool edirect -edirect 22.4 -edirect_os Linux -email zs85xk@bio.aau.dk@bio-oscloud01.srv.aau.dk
EMPTY RESULT
SECOND ATTEMPT
curl: (22) The requested URL returned error: 429
 ERROR:  curl command failed ( Mon Feb 10 10:40:31 CET 2025 ) with: 22
-X POST https://eutils.ncbi.nlm.nih.gov/entrez/eutils/efetch.fcgi -d db=nuccore&id=NC_014540&rettype=genbank&retmode=text&style=withparts&tool=edirect&edirect=22.4&edirect_os=Linux&email=zs85xk%40bio.aau.dk%40bio-oscloud01.srv.aau.dk
HTTP/1.1 429 Too Many Requests
 WARNING:  FAILURE ( Mon Feb 10 10:40:30 CET 2025 )
nquire -url https://eutils.ncbi.nlm.nih.gov/entrez/eutils/ efetch.fcgi -db nuccore -id NC_014540 -rettype genbank -retmode text -style withparts -tool edirect -edirect 22.4 -edirect_os Linux -email zs85xk@bio.aau.dk@bio-oscloud01.srv.aau.dk
EMPTY RESULT
SECOND ATTEMPT
curl: (22) The requested URL returned error: 429
 ERROR:  curl command failed ( Mon Feb 10 10:40:44 CET 2025 ) with: 22
-X POST https://eutils.ncbi.nlm.nih.gov/entrez/eutils/efetch.fcgi -d db=nuccore&id=NC_015137&rettype=genbank&retmode=text&style=withparts&tool=edirect&edirect=22.4&edirect_os=Linux&email=zs85xk%40bio.aau.dk%40bio-oscloud01.srv.aau.dk
HTTP/1.1 429 Too Many Requests
 WARNING:  FAILURE ( Mon Feb 10 10:40:44 CET 2025 )
nquire -url https://eutils.ncbi.nlm.nih.gov/entrez/eutils/ efetch.fcgi -db nuccore -id NC_015137 -rettypecurl: (22) The requested URL returned error: 429
 ERROR:  curl command failed ( Mon Feb 10 10:40:44 CET 2025 ) with: 22
-X POST https://eutils.ncbi.nlm.nih.gov/entrez/eutils/efetch.fcgi -d db=nuccore&id=NC_015138&rettype=genbank&retmode=text&style=withparts&tool=edirect&edirect=22.4&edirect_os=Linux&email=zs85xk%40bio.aau.dk%40bio-oscloud01.srv.aau.dk
 genbankHTTP/1.1 429 Too Many Requests
 -retmode WARNING:  FAILURE ( Mon Feb 10 10:40:44 CET 2025 )
 text -stylenquire withparts -url -tool https://eutils.ncbi.nlm.nih.gov/entrez/eutils/ edirect efetch.fcgi -edirect -db 22.4 nuccore -edirect_os -id Linux NC_015138 -email -rettype zs85xk@bio.aau.dk@bio-oscloud01.srv.aau.dk
 genbankEMPTY RESULT
SECOND ATTEMPT
 -retmode text -style withparts -tool edirect -edirect 22.4 -edirect_os Linux -email zs85xk@bio.aau.dk@bio-oscloud01.srv.aau.dk
EMPTY RESULT
SECOND ATTEMPT
curl: (22) The requested URL returned error: 429
 ERROR:  curl command failed ( Mon Feb 10 10:42:38 CET 2025 ) with: 22
-X POST https://eutils.ncbi.nlm.nih.gov/entrez/eutils/efetch.fcgi -d db=nuccore&id=NC_008609&rettype=genbank&retmode=text&style=withparts&tool=edirect&edirect=22.4&edirect_os=Linux&email=zs85xk%40bio.aau.dk%40bio-oscloud01.srv.aau.dk
HTTP/1.1 429 Too Many Requests
 WARNING:  FAILURE ( Mon Feb 10 10:42:38 CET 2025 )
nquire -url https://eutils.ncbi.nlm.nih.gov/entrez/eutils/ efetch.fcgi -db nuccore -id NC_008609 -rettype genbank -retmode text -style withparts -tool edirect -edirect 22.4 -edirect_os Linux -email zs85xk@bio.aau.dk@bio-oscloud01.srv.aau.dk
EMPTY RESULT
SECOND ATTEMPT
curl: (22) The requested URL returned error: 400
 ERROR:  curl command failed ( Mon Feb 10 10:45:55 CET 2025 ) with: 22
-X POST https://eutils.ncbi.nlm.nih.gov/entrez/eutils/efetch.fcgi -d db=nuccore&id=NC_006155&rettype=genbank&retmode=text&style=withparts&tool=edirect&edirect=22.4&edirect_os=Linux&email=zs85xk%40bio.aau.dk%40bio-oscloud01.srv.aau.dk
HTTP/1.1 400 Bad Request
 WARNING:  FAILURE ( Mon Feb 10 10:45:55 CET 2025 )
nquire -url https://eutils.ncbi.nlm.nih.gov/entrez/eutils/ efetch.fcgi -db nuccore -id NC_006155 -rettype genbank -retmode text -style withparts -tool edirect -edirect 22.4 -edirect_os Linux -email zs85xk@bio.aau.dk@bio-oscloud01.srv.aau.dk
EMPTY RESULT
SECOND ATTEMPT
curl: (22) The requested URL returned error: 400
 ERROR:  curl command failed ( Mon Feb 10 10:46:19 CET 2025 ) with: 22
-X POST https://eutils.ncbi.nlm.nih.gov/entrez/eutils/efetch.fcgi -d db=nuccore&id=NC_007484&rettype=genbank&retmode=text&style=withparts&tool=edirect&edirect=22.4&edirect_os=Linux&email=zs85xk%40bio.aau.dk%40bio-oscloud01.srv.aau.dk
HTTP/1.1 400 Bad Request
 WARNING:  FAILURE ( Mon Feb 10 10:46:19 CET 2025 )
nquire -url https://eutils.ncbi.nlm.nih.gov/entrez/eutils/ efetch.fcgi -db nuccore -id NC_007484 -rettype genbank -retmode text -style withparts -tool edirect -edirect 22.4 -edirect_os Linux -email zs85xk@bio.aau.dk@bio-oscloud01.srv.aau.dk
EMPTY RESULT
SECOND ATTEMPT
curl: (22) The requested URL returned error: 429
 ERROR:  curl command failed ( Mon Feb 10 10:47:16 CET 2025 ) with: 22
-X POST https://eutils.ncbi.nlm.nih.gov/entrez/eutils/efetch.fcgi -d db=nuccore&id=NC_008563&rettype=genbank&retmode=text&style=withparts&tool=edirect&edirect=22.4&edirect_os=Linux&email=zs85xk%40bio.aau.dk%40bio-oscloud01.srv.aau.dk
HTTP/1.1 429 Too Many Requests
 WARNING:  FAILURE ( Mon Feb 10 10:47:16 CET 2025 )
nquire -url https://eutils.ncbi.nlm.nih.gov/entrez/eutils/ efetch.fcgi -db nuccore -id NC_008563 -rettype genbank -retmode text -style withparts -tool edirect -edirect 22.4 -edirect_os Linux -email zs85xk@bio.aau.dk@bio-oscloud01.srv.aau.dk
EMPTY RESULT
SECOND ATTEMPT
curl: (22) The requested URL returned error: 429
 ERROR:  curl command failed ( Mon Feb 10 10:49:12 CET 2025 ) with: 22
-X POST https://eutils.ncbi.nlm.nih.gov/entrez/eutils/efetch.fcgi -d db=nuccore&id=NC_010611&rettype=genbank&retmode=text&style=withparts&tool=edirect&edirect=22.4&edirect_os=Linux&email=zs85xk%40bio.aau.dk%40bio-oscloud01.srv.aau.dk
HTTP/1.1 429 Too Many Requests
 WARNING:  FAILURE ( Mon Feb 10 10:49:11 CET 2025 )
nquire -url https://eutils.ncbi.nlm.nih.gov/entrez/eutils/ efetch.fcgi -db nuccore -id NC_010611 -rettype genbank -retmode text -style withparts -tool edirect -edirect 22.4 -edirect_os Linux -email zs85xk@bio.aau.dk@bio-oscloud01.srv.aau.dk
EMPTY RESULT
SECOND ATTEMPT
curl: (22) The requested URL returned error: 429
 ERROR:  curl command failed ( Mon Feb 10 10:53:33 CET 2025 ) with: 22
-X POST https://eutils.ncbi.nlm.nih.gov/entrez/eutils/efetch.fcgi -d db=nuccore&id=NC_016112&rettype=genbank&retmode=text&style=withparts&tool=edirect&edirect=22.4&edirect_os=Linux&email=zs85xk%40bio.aau.dk%40bio-oscloud01.srv.aau.dk
HTTP/1.1 429 Too Many Requests
 WARNING:  FAILURE ( Mon Feb 10 10:53:33 CET 2025 )
nquire -url https://eutils.ncbi.nlm.nih.gov/entrez/eutils/ efetch.fcgi -db nuccore -id NC_016112 -rettype genbank -retmode text -style withparts -tool edirect -edirect 22.4 -edirect_os Linux -email zs85xk@bio.aau.dk@bio-oscloud01.srv.aau.dk
EMPTY RESULT
SECOND ATTEMPT
curl: (22) The requested URL returned error: 429
 ERROR:  curl command failed ( Mon Feb 10 10:58:07 CET 2025 ) with: 22
-X POST https://eutils.ncbi.nlm.nih.gov/entrez/eutils/efetch.fcgi -d db=nuccore&id=NC_020547&rettype=genbank&retmode=text&style=withparts&tool=edirect&edirect=22.4&edirect_os=Linux&email=zs85xk%40bio.aau.dk%40bio-oscloud01.srv.aau.dk
HTTP/1.1 429 Too Many Requests
 WARNING:  FAILURE ( Mon Feb 10 10:58:07 CET 2025 )
nquire -url https://eutils.ncbi.nlm.nih.gov/entrez/eutils/ efetch.fcgi -db nuccore -id NC_020547 -rettype genbank -retmode text -style withparts -tool edirect -edirect 22.4 -edirect_os Linux -email zs85xk@bio.aau.dk@bio-oscloud01.srv.aau.dk
EMPTY RESULT
SECOND ATTEMPT
curl: (22) The requested URL returned error: 429
 ERROR:  curl command failed ( Mon Feb 10 10:59:37 CET 2025 ) with: 22
-X POST https://eutils.ncbi.nlm.nih.gov/entrez/eutils/efetch.fcgi -d db=nuccore&id=NC_021810&rettype=genbank&retmode=text&style=withparts&tool=edirect&edirect=22.4&edirect_os=Linux&email=zs85xk%40bio.aau.dk%40bio-oscloud01.srv.aau.dk
HTTP/1.1 429 Too Many Requests
 WARNING:  FAILURE ( Mon Feb 10 10:59:36 CET 2025 )
nquire -url https://eutils.ncbi.nlm.nih.gov/entrez/eutils/ efetch.fcgi -db nuccore -id NC_021810 -rettype genbank -retmode text -style withparts -tool edirect -edirect 22.4 -edirect_os Linux -email zs85xk@bio.aau.dk@bio-oscloud01.srv.aau.dk
EMPTY RESULT
SECOND ATTEMPT
curl: (22) The requested URL returned error: 429
 ERROR:  curl command failed ( Mon Feb 10 11:15:38 CET 2025 ) with: 22
-X POST https://eutils.ncbi.nlm.nih.gov/entrez/eutils/efetch.fcgi -d db=nuccore&id=NC_009012&rettype=genbank&retmode=text&style=withparts&tool=edirect&edirect=22.4&edirect_os=Linux&email=zs85xk%40bio.aau.dk%40bio-oscloud01.srv.aau.dk
HTTP/1.1 429 Too Many Requests
 WARNING:  FAILURE ( Mon Feb 10 11:15:37 CET 2025 )
nquire -url https://eutils.ncbi.nlm.nih.gov/entrez/eutils/ efetch.fcgi -db nuccore -id NC_009012 -rettype genbank -retmode text -style withparts -tool edirect -edirect 22.4 -edirect_os Linux -email zs85xk@bio.aau.dk@bio-oscloud01.srv.aau.dk
EMPTY RESULT
SECOND ATTEMPT
curl: (22) The requested URL returned error: 429
 ERROR:  curl command failed ( Mon Feb 10 11:16:37 CET 2025 ) with: 22
-X POST https://eutils.ncbi.nlm.nih.gov/entrez/eutils/efetch.fcgi -d db=nuccore&id=NC_010337&rettype=genbank&retmode=text&style=withparts&tool=edirect&edirect=22.4&edirect_os=Linux&email=zs85xk%40bio.aau.dk%40bio-oscloud01.srv.aau.dk
HTTP/1.1 429 Too Many Requests
 WARNING:  FAILURE ( Mon Feb 10 11:16:36 CET 2025 )
nquire -url https://eutils.ncbi.nlm.nih.gov/entrez/eutils/ efetch.fcgi -db nuccore -id NC_010337 -rettype genbank -retmode text -style withparts -tool edirect -edirect 22.4 -edirect_os Linux -email zs85xk@bio.aau.dk@bio-oscloud01.srv.aau.dk
EMPTY RESULT
SECOND ATTEMPT
curl: (22) The requested URL returned error: 429
 ERROR:  curl command failed ( Mon Feb 10 11:17:07 CET 2025 ) with: 22
-X POST https://eutils.ncbi.nlm.nih.gov/entrez/eutils/efetch.fcgi -d db=nuccore&id=NC_012004&rettype=genbank&retmode=text&style=withparts&tool=edirect&edirect=22.4&edirect_os=Linux&email=zs85xk%40bio.aau.dk%40bio-oscloud01.srv.aau.dk
HTTP/1.1 429 Too Many Requests
 WARNING:  FAILURE ( Mon Feb 10 11:17:06 CET 2025 )
nquire -url https://eutils.ncbi.nlm.nih.gov/entrez/eutils/ efetch.fcgi -db nuccore -id NC_012004 -rettype genbank -retmode text -style withparts -tool edirect -edirect 22.4 -edirect_os Linux -email zs85xk@bio.aau.dk@bio-oscloud01.srv.aau.dk
EMPTY RESULT
SECOND ATTEMPT
curl: (22) The requested URL returned error: 429
 ERROR:  curl command failed ( Mon Feb 10 11:17:53 CET 2025 ) with: 22
-X POST https://eutils.ncbi.nlm.nih.gov/entrez/eutils/efetch.fcgi -d db=nuccore&id=NC_013740&rettype=genbank&retmode=text&style=withparts&tool=edirect&edirect=22.4&edirect_os=Linux&email=zs85xk%40bio.aau.dk%40bio-oscloud01.srv.aau.dk
HTTP/1.1 429 Too Many Requests
 WARNING:  FAILURE ( Mon Feb 10 11:17:52 CET 2025 )
nquire -url https://eutils.ncbi.nlm.nih.gov/entrez/eutils/ efetch.fcgi -db nuccore -id NC_013740 -rettype genbank -retmode text -style withparts -tool edirect -edirect 22.4 -edirect_os Linux -email zs85xk@bio.aau.dk@bio-oscloud01.srv.aau.dk
EMPTY RESULT
SECOND ATTEMPT
curl: (22) The requested URL returned error: 429
 ERROR:  curl command failed ( Mon Feb 10 11:18:44 CET 2025 ) with: 22
-X POST https://eutils.ncbi.nlm.nih.gov/entrez/eutils/efetch.fcgi -d db=nuccore&id=NC_014410&rettype=genbank&retmode=text&style=withparts&tool=edirect&edirect=22.4&edirect_os=Linux&email=zs85xk%40bio.aau.dk%40bio-oscloud01.srv.aau.dk
HTTP/1.1 429 Too Many Requests
curl: (22) The requested URL returned error: 429
 ERROR:  curl command failed ( Mon Feb 10 11:18:44 CET 2025 ) with: 22
-X POST https://eutils.ncbi.nlm.nih.gov/entrez/eutils/efetch.fcgi -d db=nuccore&id=NC_014614&rettype=genbank&retmode=text&style=withparts&tool=edirect&edirect=22.4&edirect_os=Linux&email=zs85xk%40bio.aau.dk%40bio-oscloud01.srv.aau.dk
 WARNING:  FAILURE ( Mon Feb 10 11:18:43 CET 2025 )
HTTP/1.1 429 Too Many Requests
 WARNING:  FAILURE ( Mon Feb 10 11:18:43 CET 2025 )
nquirenquire -url -url https://eutils.ncbi.nlm.nih.gov/entrez/eutils/ efetch.fcgi https://eutils.ncbi.nlm.nih.gov/entrez/eutils/ -db efetch.fcgi nuccore -db -id nuccore NC_014410 -id -rettype NC_014614 genbank -rettype -retmode genbank -retmode text text -style withparts -style -tool withparts edirect -tool -edirect edirect -edirect 22.4 22.4 -edirect_os -edirect_os Linux Linux -email zs85xk@bio.aau.dk@bio-oscloud01.srv.aau.dk
EMPTY RESULT
SECOND ATTEMPT
 -email zs85xk@bio.aau.dk@bio-oscloud01.srv.aau.dk
EMPTY RESULT
SECOND ATTEMPT
curl: (22) The requested URL returned error: 429
 ERROR:  curl command failed ( Mon Feb 10 11:21:32 CET 2025 ) with: 22
-X POST https://eutils.ncbi.nlm.nih.gov/entrez/eutils/efetch.fcgi -d db=nuccore&id=NC_017347&rettype=genbank&retmode=text&style=withparts&tool=edirect&edirect=22.4&edirect_os=Linux&email=zs85xk%40bio.aau.dk%40bio-oscloud01.srv.aau.dk
HTTP/1.1 429 Too Many Requests
 WARNING:  FAILURE ( Mon Feb 10 11:21:32 CET 2025 )
nquire -url https://eutils.ncbi.nlm.nih.gov/entrez/eutils/ efetch.fcgi -db nuccore -id NC_017347 -rettype genbank -retmode text -style withparts -tool edirect -edirect 22.4 -edirect_os Linux -email zs85xk@bio.aau.dk@bio-oscloud01.srv.aau.dk
EMPTY RESULT
SECOND ATTEMPT
curl: (22) The requested URL returned error: 429
 ERROR:  curl command failed ( Mon Feb 10 11:21:50 CET 2025 ) with: 22
-X POST https://eutils.ncbi.nlm.nih.gov/entrez/eutils/efetch.fcgi -d db=nuccore&id=NC_017581&rettype=genbank&retmode=text&style=withparts&tool=edirect&edirect=22.4&edirect_os=Linux&email=zs85xk%40bio.aau.dk%40bio-oscloud01.srv.aau.dk
HTTP/1.1 429 Too Many Requests
 WARNING:  FAILURE ( Mon Feb 10 11:21:50 CET 2025 )
nquire -url https://eutils.ncbi.nlm.nih.gov/entrez/eutils/curl: (22) The requested URL returned error: 429
 efetch.fcgi ERROR:  curl command failed ( Mon Feb 10 11:21:50 CET 2025 ) with: 22
-X POST https://eutils.ncbi.nlm.nih.gov/entrez/eutils/efetch.fcgi -d db=nuccore&id=NC_017594&rettype=genbank&retmode=text&style=withparts&tool=edirect&edirect=22.4&edirect_os=Linux&email=zs85xk%40bio.aau.dk%40bio-oscloud01.srv.aau.dk
HTTP/1.1 429 Too Many Requests
 -db nuccore WARNING:  FAILURE ( Mon Feb 10 11:21:50 CET 2025 )
 -id NC_017581nquire -rettype -url genbank https://eutils.ncbi.nlm.nih.gov/entrez/eutils/ -retmode efetch.fcgi text -db -style nuccore -id withparts NC_017594 -tool -rettype edirect genbank -edirect 22.4 -retmode -edirect_os text Linux -style withparts -email -tool zs85xk@bio.aau.dk@bio-oscloud01.srv.aau.dk
EMPTY RESULT
SECOND ATTEMPT
 edirect -edirect 22.4 -edirect_os Linux -email zs85xk@bio.aau.dk@bio-oscloud01.srv.aau.dk
EMPTY RESULT
SECOND ATTEMPT
curl: (22) The requested URL returned error: 429
 ERROR:  curl command failed ( Mon Feb 10 11:24:09 CET 2025 ) with: 22
-X POST https://eutils.ncbi.nlm.nih.gov/entrez/eutils/efetch.fcgi -d db=nuccore&id=NC_022226&rettype=genbank&retmode=text&style=withparts&tool=edirect&edirect=22.4&edirect_os=Linux&email=zs85xk%40bio.aau.dk%40bio-oscloud01.srv.aau.dk
HTTP/1.1 429 Too Many Requests
 WARNING:  FAILURE ( Mon Feb 10 11:24:08 CET 2025 )
nquire -url https://eutils.ncbi.nlm.nih.gov/entrez/eutils/ efetch.fcgi -db nuccore -id NC_022226 -rettype genbank -retmode text -style withparts -tool edirect -edirect 22.4 -edirect_os Linux -email zs85xk@bio.aau.dk@bio-oscloud01.srv.aau.dk
EMPTY RESULT
SECOND ATTEMPT
curl: (22) The requested URL returned error: 429
 ERROR:  curl command failed ( Mon Feb 10 11:24:49 CET 2025 ) with: 22
-X POST https://eutils.ncbi.nlm.nih.gov/entrez/eutils/efetch.fcgi -d db=nuccore&id=NC_005364&rettype=genbank&retmode=text&style=withparts&tool=edirect&edirect=22.4&edirect_os=Linux&email=zs85xk%40bio.aau.dk%40bio-oscloud01.srv.aau.dk
HTTP/1.1 429 Too Many Requests
 WARNING:  FAILURE ( Mon Feb 10 11:24:48 CET 2025 )
nquire -url https://eutils.ncbi.nlm.nih.gov/entrez/eutils/ efetch.fcgi -db nuccore -id NC_005364 -rettype genbank -retmode text -style withparts -tool edirect -edirect 22.4 -edirect_os Linux -email zs85xk@bio.aau.dk@bio-oscloud01.srv.aau.dk
EMPTY RESULT
SECOND ATTEMPT
curl: (22) The requested URL returned error: 429
 ERROR:  curl command failed ( Mon Feb 10 11:24:53 CET 2025 ) with: 22
-X POST https://eutils.ncbi.nlm.nih.gov/entrez/eutils/efetch.fcgi -d db=nuccore&id=NC_007633&rettype=genbank&retmode=text&style=withparts&tool=edirect&edirect=22.4&edirect_os=Linux&email=zs85xk%40bio.aau.dk%40bio-oscloud01.srv.aau.dk
HTTP/1.1 429 Too Many Requests
 WARNING:  FAILURE ( Mon Feb 10 11:24:52 CET 2025 )
nquire -url https://eutils.ncbi.nlm.nih.gov/entrez/eutils/ efetch.fcgi -db nuccore -id NC_007633 -rettype genbank -retmode text -style withparts -tool edirect -edirect 22.4 -edirect_os Linux -email zs85xk@bio.aau.dk@bio-oscloud01.srv.aau.dk
EMPTY RESULT
SECOND ATTEMPT
curl: (22) The requested URL returned error: 429
 ERROR:  curl command failed ( Mon Feb 10 11:24:57 CET 2025 ) with: 22
-X POST https://eutils.ncbi.nlm.nih.gov/entrez/eutils/efetch.fcgi -d db=nuccore&id=NC_011374&rettype=genbank&retmode=text&style=withparts&tool=edirect&edirect=22.4&edirect_os=Linux&email=zs85xk%40bio.aau.dk%40bio-oscloud01.srv.aau.dk
HTTP/1.1 429 Too Many Requests
 WARNING:  FAILURE ( Mon Feb 10 11:24:56 CET 2025 )
nquire -url https://eutils.ncbi.nlm.nih.gov/entrez/eutils/ efetch.fcgi -db nuccorec -idurl: (22) The requested URL returned error: 429
 ERROR:  curl command failed ( Mon Feb 10 11:24:57 CET 2025 ) with: 22
-X POST https://eutils.ncbi.nlm.nih.gov/entrez/eutils/efetch.fcgi -d db=nuccore&id=NC_012806&rettype=genbank&retmode=text&style=withparts&tool=edirect&edirect=22.4&edirect_os=Linux&email=zs85xk%40bio.aau.dk%40bio-oscloud01.srv.aau.dk
HTTP/1.1 429 Too Many Requests
 NC_011374 WARNING:  FAILURE ( Mon Feb 10 11:24:57 CET 2025 )
 -rettypenquire genbank -url -retmode https://eutils.ncbi.nlm.nih.gov/entrez/eutils/ text efetch.fcgi -style -db withparts nuccore -tool -id NC_012806 edirect -edirect -rettype 22.4 genbank -edirect_os -retmode Linux text -email -style zs85xk@bio.aau.dk@bio-oscloud01.srv.aau.dk
 withpartsEMPTY RESULT
SECOND ATTEMPT
 -tool edirect -edirect 22.4 -edirect_os Linux -email zs85xk@bio.aau.dk@bio-oscloud01.srv.aau.dk
EMPTY RESULT
SECOND ATTEMPT
curl: (22) The requested URL returned error: 429
 ERROR:  curl command failed ( Mon Feb 10 11:25:00 CET 2025 ) with: 22
-X POST https://eutils.ncbi.nlm.nih.gov/entrez/eutils/efetch.fcgi -d db=nuccore&id=NC_014014&rettype=genbank&retmode=text&style=withparts&tool=edirect&edirect=22.4&edirect_os=Linux&email=zs85xk%40bio.aau.dk%40bio-oscloud01.srv.aau.dk
HTTP/1.1 429 Too Many Requests
 WARNING:  FAILURE ( Mon Feb 10 11:24:59 CET 2025 )
nquire -url https://eutils.ncbi.nlm.nih.gov/entrez/eutils/ efetch.fcgi -db nuccore -id NC_014014 -rettype genbank -retmode text -style withparts -tool edirect -edirect 22.4 -edirect_os Linux -email zs85xk@bio.aau.dk@bio-oscloud01.srv.aau.dk
EMPTY RESULT
SECOND ATTEMPT
curl: (22) The requested URL returned error: 429
 ERROR:  curl command failed ( Mon Feb 10 11:25:12 CET 2025 ) with: 22
-X POST https://eutils.ncbi.nlm.nih.gov/entrez/eutils/efetch.fcgi -d db=nuccore&id=NC_022998&rettype=genbank&retmode=text&style=withparts&tool=edirect&edirect=22.4&edirect_os=Linux&email=zs85xk%40bio.aau.dk%40bio-oscloud01.srv.aau.dk
HTTP/1.1 429 Too Many Requests
 WARNING:  FAILURE ( Mon Feb 10 11:25:12 CET 2025 )
nquire -url https://eutils.ncbi.nlm.nih.gov/entrez/eutils/ efetch.fcgi -db nuccore -id NC_022998 -rettype genbank -retmode text -style withparts -tool edirect -edirect 22.4 -edirect_os Linux -email zs85xk@bio.aau.dk@bio-oscloud01.srv.aau.dk
EMPTY RESULT
SECOND ATTEMPT
curl: (22) The requested URL returned error: 429
 ERROR:  curl command failed ( Mon Feb 10 11:25:26 CET 2025 ) with: 22
-X POST https://eutils.ncbi.nlm.nih.gov/entrez/eutils/efetch.fcgi -d db=nuccore&id=NC_011978&rettype=genbank&retmode=text&style=withparts&tool=edirect&edirect=22.4&edirect_os=Linux&email=zs85xk%40bio.aau.dk%40bio-oscloud01.srv.aau.dk
HTTP/1.1 429 Too Many Requests
 WARNING:  FAILURE ( Mon Feb 10 11:25:26 CET 2025 )
nquire -url https://eutils.ncbi.nlm.nih.gov/entrez/eutils/ efetch.fcgi -db nuccore -id NC_011978 -rettype genbank -retmode text -style withparts -tool edirect -edirect 22.4 -edirect_os Linux -email zs85xk@bio.aau.dk@bio-oscloud01.srv.aau.dk
EMPTY RESULT
SECOND ATTEMPT
curl: (22) The requested URL returned error: 429
 ERROR:  curl command failed ( Mon Feb 10 11:25:37 CET 2025 ) with: 22
-X POST https://eutils.ncbi.nlm.nih.gov/entrez/eutils/efetch.fcgi -d db=nuccore&id=NC_017934&rettype=genbank&retmode=text&style=withparts&tool=edirect&edirect=22.4&edirect_os=Linux&email=zs85xk%40bio.aau.dk%40bio-oscloud01.srv.aau.dk
HTTP/1.1 429 Too Many Requests
 WARNING:  FAILURE ( Mon Feb 10 11:25:37 CET 2025 )
nquire -url https://eutils.ncbi.nlm.nih.gov/entrez/eutils/ efetch.fcgi -db nuccore -id NC_017934curl: (22) The requested URL returned error: 429
 ERROR:  curl command failed ( Mon Feb 10 11:25:37 CET 2025 ) with: 22
-X POST https://eutils.ncbi.nlm.nih.gov/entrez/eutils/efetch.fcgi -d db=nuccore&id=NC_000922&rettype=genbank&retmode=text&style=withparts&tool=edirect&edirect=22.4&edirect_os=Linux&email=zs85xk%40bio.aau.dk%40bio-oscloud01.srv.aau.dk
HTTP/1.1 429 Too Many Requests
 -rettypecurl: (22) The requested URL returned error: 429
 ERROR:  curl command failed ( Mon Feb 10 11:25:37 CET 2025 ) with: 22
-X POST https://eutils.ncbi.nlm.nih.gov/entrez/eutils/efetch.fcgi -d db=nuccore&id=NC_021214&rettype=genbank&retmode=text&style=withparts&tool=edirect&edirect=22.4&edirect_os=Linux&email=zs85xk%40bio.aau.dk%40bio-oscloud01.srv.aau.dk
HTTP/1.1 429 Too Many Requests
 WARNING:  FAILURE ( Mon Feb 10 11:25:37 CET 2025 )
 genbank WARNING:  FAILURE ( Mon Feb 10 11:25:37 CET 2025 )
nquire -retmode textnquire -url https://eutils.ncbi.nlm.nih.gov/entrez/eutils/ -style -url efetch.fcgi https://eutils.ncbi.nlm.nih.gov/entrez/eutils/ withparts -db nuccore efetch.fcgi -tool -db -id edirect nuccore NC_000922 -edirect -rettype -id 22.4 -edirect_os genbank NC_021214 Linux -retmode -rettype -email genbank text zs85xk@bio.aau.dk@bio-oscloud01.srv.aau.dk
 -styleEMPTY RESULT
SECOND ATTEMPT
 -retmode withparts text -tool -style edirect withparts -tool -edirect edirect 22.4 -edirect -edirect_os 22.4 Linux -edirect_os -email Linux zs85xk@bio.aau.dk@bio-oscloud01.srv.aau.dk
 -emailEMPTY RESULT
SECOND ATTEMPT
 zs85xk@bio.aau.dk@bio-oscloud01.srv.aau.dk
EMPTY RESULT
SECOND ATTEMPT
curl: (22) The requested URL returned error: 429
 ERROR:  curl command failed ( Mon Feb 10 11:25:49 CET 2025 ) with: 22
-X POST https://eutils.ncbi.nlm.nih.gov/entrez/eutils/efetch.fcgi -d db=nuccore&id=NC_015671&rettype=genbank&retmode=text&style=withparts&tool=edirect&edirect=22.4&edirect_os=Linux&email=zs85xk%40bio.aau.dk%40bio-oscloud01.srv.aau.dk
head: cannot open '/tmp/NQUIRE_HEADER.Fk6fMIw5n' for reading: No such file or directory
rm: cannot remove '/tmp/NQUIRE_HEADER.Fk6fMIw5n': No such file or directory
 WARNING:  FAILURE ( Mon Feb 10 11:25:49 CET 2025 )
nquire -url https://eutils.ncbi.nlm.nih.gov/entrez/eutils/ efetch.fcgi -db nuccore -id NC_015671 -rettype genbank -retmode text -style withparts -tool edirect -edirectmktemp: failed to create file via template ‘/tmp/NQUIRE_HEADER.XXXXXXXXX’: No such file or directory
 22.4curl: (23) Failed writing received data to disk/application
 ERROR:  curl command failed ( Mon Feb 10 11:25:50 CET 2025 ) with: 23
-X POST https://eutils.ncbi.nlm.nih.gov/entrez/eutils/efetch.fcgi -d db=nuccore&id=NC_016616&rettype=genbank&retmode=text&style=withparts&tool=edirect&edirect=22.4&edirect_os=Linux&email=zs85xk%40bio.aau.dk%40bio-oscloud01.srv.aau.dk
head: cannot open '' for reading: No such file or directory
rm: cannot remove '': No such file or directory
 -edirect_os WARNING:  FAILURE ( Mon Feb 10 11:25:50 CET 2025 )
 Linuxnquire -email -url zs85xk@bio.aau.dk@bio-oscloud01.srv.aau.dk
EMPTY RESULT
SECOND ATTEMPT
 https://eutils.ncbi.nlm.nih.gov/entrez/eutils/ efetch.fcgi -db nuccore -id NC_016616 -rettype genbank -retmode text -style withparts -tool edirect -edirect 22.4 -edirect_os Linux -email zs85xk@bio.aau.dk@bio-oscloud01.srv.aau.dk
EMPTY RESULT
SECOND ATTEMPT
rm: cannot remove '/tmp/NQUIRE_HEADER.VAbMjlquE': No such file or directory
mktemp: failed to create file via template ‘/tmp/NQUIRE_HEADER.XXXXXXXXX’: No such file or directory
curl: (23) Failed writing received data to disk/application
 ERROR:  curl command failed ( Mon Feb 10 11:25:52 CET 2025 ) with: 23
-X POST https://eutils.ncbi.nlm.nih.gov/entrez/eutils/efetch.fcgi -d db=nuccore&id=NC_015671&rettype=genbank&retmode=text&style=withparts&tool=edirect&edirect=22.4&edirect_os=Linux&email=zs85xk%40bio.aau.dk%40bio-oscloud01.srv.aau.dk
head: cannot open '' for reading: No such file or directory
rm: cannot remove '': No such file or directory
 WARNING:  FAILURE ( Mon Feb 10 11:25:51 CET 2025 )
nquire -url https://eutils.ncbi.nlm.nih.gov/entrez/eutils/ efetch.fcgi -db nuccore -id NC_015671 -rettype genbank -retmode text -style withparts -tool edirect -edirect 22.4mktemp: failed to create file via template ‘/tmp/NQUIRE_HEADER.XXXXXXXXX’: No such file or directory
 -edirect_oscurl: (23) Failed writing received data to disk/application
 ERROR:  curl command failed ( Mon Feb 10 11:25:52 CET 2025 ) with: 23
-X POST https://eutils.ncbi.nlm.nih.gov/entrez/eutils/efetch.fcgi -d db=nuccore&id=NC_016616&rettype=genbank&retmode=text&style=withparts&tool=edirect&edirect=22.4&edirect_os=Linux&email=zs85xk%40bio.aau.dk%40bio-oscloud01.srv.aau.dk
 Linuxhead: cannot open '' for reading: No such file or directory
rm: cannot remove '': No such file or directory
 -email WARNING:  FAILURE ( Mon Feb 10 11:25:52 CET 2025 )
 zs85xk@bio.aau.dk@bio-oscloud01.srv.aau.dk
EMPTY RESULT
LAST ATTEMPT
nquire -url https://eutils.ncbi.nlm.nih.gov/entrez/eutils/ efetch.fcgi -db nuccore -id NC_016616 -rettype genbank -retmode text -style withparts -tool edirect -edirect 22.4 -edirect_os Linux -email zs85xk@bio.aau.dk@bio-oscloud01.srv.aau.dk
EMPTY RESULT
LAST ATTEMPT
rm: cannot remove '/tmp/NQUIRE_HEADER.f4rSaUwwu': No such file or directory
mktemp: failed to create file via template ‘/tmp/NQUIRE_HEADER.XXXXXXXXX’: No such file or directory
curl: (23) Failed writing received data to disk/application
 ERROR:  curl command failed ( Mon Feb 10 11:25:54 CET 2025 ) with: 23
-X POST https://eutils.ncbi.nlm.nih.gov/entrez/eutils/efetch.fcgi -d db=nuccore&id=NC_015671&rettype=genbank&retmode=text&style=withparts&tool=edirect&edirect=22.4&edirect_os=Linux&email=zs85xk%40bio.aau.dk%40bio-oscloud01.srv.aau.dk
head: cannot open '' for reading: No such file or directory
rm: cannot remove '': No such file or directory
 ERROR:  FAILURE ( Mon Feb 10 11:25:53 CET 2025 )
nquire -url https://eutils.ncbi.nlm.nih.gov/entrez/eutils/ efetch.fcgi -db nuccore -id NC_015671 -rettype genbank -retmode text -style withparts -tool edirect -edirect 22.4 -edirect_os Linux -email zs85xk@bio.aau.dk@bio-oscloud01.srv.aau.dk
EMPTY RESULT
QUERY FAILURE
mktemp: failed to create file via template ‘/tmp/NQUIRE_HEADER.XXXXXXXXX’: No such file or directory
curl: (23) Failed writing received data to disk/application
 ERROR:  curl command failed ( Mon Feb 10 11:25:54 CET 2025 ) with: 23
-X POST https://eutils.ncbi.nlm.nih.gov/entrez/eutils/efetch.fcgi -d db=nuccore&id=NC_016616&rettype=genbank&retmode=text&style=withparts&tool=edirect&edirect=22.4&edirect_os=Linux&email=zs85xk%40bio.aau.dk%40bio-oscloud01.srv.aau.dk
head: cannot open '' for reading: No such file or directory
rm: cannot remove '': No such file or directory
 ERROR:  FAILURE ( Mon Feb 10 11:25:54 CET 2025 )
nquire -url https://eutils.ncbi.nlm.nih.gov/entrez/eutils/ efetch.fcgi -db nuccore -id NC_016616 -rettype genbank -retmode text -style withparts -tool edirect -edirect 22.4 -edirect_os Linux -email zs85xk@bio.aau.dk@bio-oscloud01.srv.aau.dk
EMPTY RESULT
QUERY FAILURE
mktemp: failed to create file via template ‘/tmp/NQUIRE_HEADER.XXXXXXXXX’: No such file or directory
curl: (23) Failed writing received data to disk/application
 ERROR:  curl command failed ( Mon Feb 10 11:25:56 CET 2025 ) with: 23
-X POST https://eutils.ncbi.nlm.nih.gov/entrez/eutils/efetch.fcgi -d db=nuccore&id=NC_015671&rettype=genbank&retmode=text&style=withparts&tool=edirect&edirect=22.4&edirect_os=Linux&email=zs85xk%40bio.aau.dk%40bio-oscloud01.srv.aau.dk
head: cannot open '' for reading: No such file or directory
rm: cannot remove '': No such file or directory
mktemp: failed to create file via template ‘/tmp/NQUIRE_HEADER.XXXXXXXXX’: No such file or directory
curl: (23) Failed writing received data to disk/application
 ERROR:  curl command failed ( Mon Feb 10 11:25:56 CET 2025 ) with: 23
-X POST https://eutils.ncbi.nlm.nih.gov/entrez/eutils/efetch.fcgi -d db=nuccore&id=NC_016616&rettype=genbank&retmode=text&style=withparts&tool=edirect&edirect=22.4&edirect_os=Linux&email=zs85xk%40bio.aau.dk%40bio-oscloud01.srv.aau.dk
head: cannot open '' for reading: No such file or directory
rm: cannot remove '': No such file or directory
rm: cannot remove '/tmp/NQUIRE_HEADER.2JoCCPd8w': No such file or directory
rm: cannot remove '/tmp/NQUIRE_HEADER.6jMz4SiiO': No such file or directory
curl: (22) The requested URL returned error: 400
 ERROR:  curl command failed ( Mon Feb 10 11:56:29 CET 2025 ) with: 22
-X POST https://eutils.ncbi.nlm.nih.gov/entrez/eutils/efetch.fcgi -d db=nuccore&id=NC_016616.gb&rettype=genbank&retmode=text&style=withparts&tool=edirect&edirect=22.4&edirect_os=Linux&email=zs85xk%40bio.aau.dk%40bio-oscloud01.srv.aau.dk
HTTP/1.1 400 Bad Request
 WARNING:  FAILURE ( Mon Feb 10 11:56:28 CET 2025 )
nquire -url https://eutils.ncbi.nlm.nih.gov/entrez/eutils/ efetch.fcgi -db nuccore -id NC_016616.gb -rettypecurl: (22) The requested URL returned error: 400
 ERROR:  curl command failed ( Mon Feb 10 11:56:30 CET 2025 ) with: 22
-X POST https://eutils.ncbi.nlm.nih.gov/entrez/eutils/efetch.fcgi -d db=nuccore&id=NC_015671.gb&rettype=genbank&retmode=text&style=withparts&tool=edirect&edirect=22.4&edirect_os=Linux&email=zs85xk%40bio.aau.dk%40bio-oscloud01.srv.aau.dk
HTTP/1.1 400 Bad Request
 genbank WARNING:  FAILURE ( Mon Feb 10 11:56:29 CET 2025 )
 -retmodenquirecurl: (22) The requested URL returned error: 400
curl: (22) The requested URL returned error: 429
 text ERROR:  curl command failed ( Mon Feb 10 11:56:30 CET 2025 ) with: 22
-X POST https://eutils.ncbi.nlm.nih.gov/entrez/eutils/efetch.fcgi -d db=nuccore&id=NC_009801.gb&rettype=genbank&retmode=text&style=withparts&tool=edirect&edirect=22.4&edirect_os=Linux&email=zs85xk%40bio.aau.dk%40bio-oscloud01.srv.aau.dk
 ERROR:  curl command failed ( Mon Feb 10 11:56:30 CET 2025 ) with: 22
-X POST https://eutils.ncbi.nlm.nih.gov/entrez/eutils/efetch.fcgi -d db=nuccore&id=NC_023150.gb&rettype=genbank&retmode=text&style=withparts&tool=edirect&edirect=22.4&edirect_os=Linux&email=zs85xk%40bio.aau.dk%40bio-oscloud01.srv.aau.dk
curl: (22) The requested URL returned error: 429
 ERROR:  curl command failed ( Mon Feb 10 11:56:30 CET 2025 ) with: 22
-X POST https://eutils.ncbi.nlm.nih.gov/entrez/eutils/efetch.fcgi -d db=nuccore&id=NC_008610.gb&rettype=genbank&retmode=text&style=withparts&tool=edirect&edirect=22.4&edirect_os=Linux&email=zs85xk%40bio.aau.dk%40bio-oscloud01.srv.aau.dk
HTTP/1.1 429 Too Many Requests
HTTP/1.1 400 Bad Request
HTTP/1.1 429 Too Many Requests
 -url WARNING:  FAILURE ( Mon Feb 10 11:56:29 CET 2025 )
 https://eutils.ncbi.nlm.nih.gov/entrez/eutils/ -style WARNING:  FAILURE ( Mon Feb 10 11:56:29 CET 2025 )
 efetch.fcgi WARNING:  FAILURE ( Mon Feb 10 11:56:29 CET 2025 )
 withpartsnquirenquire -tool -db edirectnquire -url -url nuccore -url -edirect https://eutils.ncbi.nlm.nih.gov/entrez/eutils/ https://eutils.ncbi.nlm.nih.gov/entrez/eutils/ -id https://eutils.ncbi.nlm.nih.gov/entrez/eutils/ 22.4 efetch.fcgi efetch.fcgi NC_015671.gb efetch.fcgi -db -edirect_os -db -rettype -db nuccore nuccore Linux genbank nuccore -id -id -email -retmode -id NC_008610.gb NC_023150.gb text NC_009801.gb -rettype zs85xk@bio.aau.dk@bio-oscloud01.srv.aau.dk
EMPTY RESULT
SECOND ATTEMPT
 -rettype -rettype -style genbank genbank -retmode withparts genbank -retmode -retmode -tool text text text -style edirect -style -style withparts -edirect withparts withparts -tool 22.4 -tool -tool edirect edirect -edirect_os edirect -edirect -edirect Linux 22.4 -edirect -edirect_os -email 22.4 22.4 Linux -edirect_os zs85xk@bio.aau.dk@bio-oscloud01.srv.aau.dk -edirect_os
EMPTY RESULT
SECOND ATTEMPT
 Linux -email Linux zs85xk@bio.aau.dk@bio-oscloud01.srv.aau.dk
 -emailEMPTY RESULT
SECOND ATTEMPT
 -email zs85xk@bio.aau.dk@bio-oscloud01.srv.aau.dk
 zs85xk@bio.aau.dk@bio-oscloud01.srv.aau.dk
EMPTY RESULT
SECOND ATTEMPT
EMPTY RESULT
SECOND ATTEMPT
curl: (22) The requested URL returned error: 400
 ERROR:  curl command failed ( Mon Feb 10 11:56:33 CET 2025 ) with: 22
-X POST https://eutils.ncbi.nlm.nih.gov/entrez/eutils/efetch.fcgi -d db=nuccore&id=NC_016616.gb&rettype=genbank&retmode=text&style=withparts&tool=edirect&edirect=22.4&edirect_os=Linux&email=zs85xk%40bio.aau.dk%40bio-oscloud01.srv.aau.dk
HTTP/1.1 400 Bad Request
 WARNING:  FAILURE ( Mon Feb 10 11:56:32 CET 2025 )
nquire -url https://eutils.ncbi.nlm.nih.gov/entrez/eutils/ efetch.fcgi -dbcurl: (22) The requested URL returned error: 400
 ERROR:  curl command failed ( Mon Feb 10 11:56:33 CET 2025 ) with: 22
-X POST https://eutils.ncbi.nlm.nih.gov/entrez/eutils/efetch.fcgi -d db=nuccore&id=NC_015671.gb&rettype=genbank&retmode=text&style=withparts&tool=edirect&edirect=22.4&edirect_os=Linux&email=zs85xk%40bio.aau.dk%40bio-oscloud01.srv.aau.dk
HTTP/1.1 400 Bad Request
 nuccore WARNING:  FAILURE ( Mon Feb 10 11:56:32 CET 2025 )
 -idnquire NC_016616.gb -rettype -url https://eutils.ncbi.nlm.nih.gov/entrez/eutils/ genbank efetch.fcgi -retmode text -db nuccore -style withpartscurl: (22) The requested URL returned error: 429
 ERROR:  curl command failed ( Mon Feb 10 11:56:33 CET 2025 ) with: 22
-X POST https://eutils.ncbi.nlm.nih.gov/entrez/eutils/efetch.fcgi -d db=nuccore&id=NC_023150.gb&rettype=genbank&retmode=text&style=withparts&tool=edirect&edirect=22.4&edirect_os=Linux&email=zs85xk%40bio.aau.dk%40bio-oscloud01.srv.aau.dk
HTTP/1.1 429 Too Many Requests
 -id -toolcurl: (22) The requested URL returned error: 400
 ERROR:  curl command failed ( Mon Feb 10 11:56:33 CET 2025 ) with: 22
-X POST https://eutils.ncbi.nlm.nih.gov/entrez/eutils/efetch.fcgi -d db=nuccore&id=NC_008610.gb&rettype=genbank&retmode=text&style=withparts&tool=edirect&edirect=22.4&edirect_os=Linux&email=zs85xk%40bio.aau.dk%40bio-oscloud01.srv.aau.dk
curl: (22) The requested URL returned error: 429
 WARNING:  FAILURE ( Mon Feb 10 11:56:32 CET 2025 )
 ERROR:  curl command failed ( Mon Feb 10 11:56:33 CET 2025 ) with: 22
-X POST https://eutils.ncbi.nlm.nih.gov/entrez/eutils/efetch.fcgi -d db=nuccore&id=NC_009801.gb&rettype=genbank&retmode=text&style=withparts&tool=edirect&edirect=22.4&edirect_os=Linux&email=zs85xk%40bio.aau.dk%40bio-oscloud01.srv.aau.dk
HTTP/1.1 400 Bad Request
HTTP/1.1 429 Too Many Requests
 NC_015671.gbnquire edirect WARNING:  FAILURE ( Mon Feb 10 11:56:32 CET 2025 )
 WARNING:  FAILURE ( Mon Feb 10 11:56:32 CET 2025 )
 -url -rettypenquirenquire -edirect https://eutils.ncbi.nlm.nih.gov/entrez/eutils/ genbank -url efetch.fcgi -url 22.4 https://eutils.ncbi.nlm.nih.gov/entrez/eutils/ -retmode -db -edirect_os https://eutils.ncbi.nlm.nih.gov/entrez/eutils/ efetch.fcgi text -db nuccore Linux efetch.fcgi -style -id nuccore -email withparts -db NC_023150.gb -id -tool zs85xk@bio.aau.dk@bio-oscloud01.srv.aau.dk
 nuccoreEMPTY RESULT
LAST ATTEMPT
 -id -rettype NC_008610.gb edirect genbank -edirect -rettype NC_009801.gb -retmode genbank 22.4 -rettype text -retmode genbank -style -edirect_os text Linux withparts -retmode -email -tool -style text edirect zs85xk@bio.aau.dk@bio-oscloud01.srv.aau.dk
EMPTY RESULT
LAST ATTEMPT
 withparts -edirect -style withparts 22.4 -tool -tool -edirect_os edirect Linux edirect -edirect -email -edirect 22.4 22.4 -edirect_os zs85xk@bio.aau.dk@bio-oscloud01.srv.aau.dk
EMPTY RESULT
LAST ATTEMPT
 Linux -edirect_os -email Linux zs85xk@bio.aau.dk@bio-oscloud01.srv.aau.dk
EMPTY RESULT
LAST ATTEMPT
 -email zs85xk@bio.aau.dk@bio-oscloud01.srv.aau.dk
EMPTY RESULT
LAST ATTEMPT
curl: (22) The requested URL returned error: 400
 ERROR:  curl command failed ( Mon Feb 10 11:56:36 CET 2025 ) with: 22
-X POST https://eutils.ncbi.nlm.nih.gov/entrez/eutils/efetch.fcgi -d db=nuccore&id=NC_016616.gb&rettype=genbank&retmode=text&style=withparts&tool=edirect&edirect=22.4&edirect_os=Linux&email=zs85xk%40bio.aau.dk%40bio-oscloud01.srv.aau.dk
HTTP/1.1 400 Bad Request
 ERROR:  FAILURE ( Mon Feb 10 11:56:35 CET 2025 )
nquire -url https://eutils.ncbi.nlm.nih.gov/entrez/eutils/ efetch.fcgi -db nuccore -id NC_016616.gb -rettypecurl: (22) The requested URL returned error: 400
 ERROR:  curl command failed ( Mon Feb 10 11:56:36 CET 2025 ) with: 22
-X POST https://eutils.ncbi.nlm.nih.gov/entrez/eutils/efetch.fcgi -d db=nuccore&id=NC_015671.gb&rettype=genbank&retmode=text&style=withparts&tool=edirect&edirect=22.4&edirect_os=Linux&email=zs85xk%40bio.aau.dk%40bio-oscloud01.srv.aau.dk
HTTP/1.1 400 Bad Request
 genbank ERROR:  FAILURE ( Mon Feb 10 11:56:36 CET 2025 )
nquire -url -retmode https://eutils.ncbi.nlm.nih.gov/entrez/eutils/ textcurl: (22) The requested URL returned error: 400
 ERROR:  curl command failed ( Mon Feb 10 11:56:37 CET 2025 ) with: 22
-X POST https://eutils.ncbi.nlm.nih.gov/entrez/eutils/efetch.fcgi -d db=nuccore&id=NC_023150.gb&rettype=genbank&retmode=text&style=withparts&tool=edirect&edirect=22.4&edirect_os=Linux&email=zs85xk%40bio.aau.dk%40bio-oscloud01.srv.aau.dk
HTTP/1.1 400 Bad Request
 efetch.fcgi -style -db ERROR:  FAILURE ( Mon Feb 10 11:56:36 CET 2025 )
 withparts nuccorenquire -tool -id -url https://eutils.ncbi.nlm.nih.gov/entrez/eutils/ edirect NC_015671.gb efetch.fcgi -edirectcurl: (22) The requested URL returned error: 429
 ERROR:  curl command failed ( Mon Feb 10 11:56:37 CET 2025 ) with: 22
-X POST https://eutils.ncbi.nlm.nih.gov/entrez/eutils/efetch.fcgi -d db=nuccore&id=NC_009801.gb&rettype=genbank&retmode=text&style=withparts&tool=edirect&edirect=22.4&edirect_os=Linux&email=zs85xk%40bio.aau.dk%40bio-oscloud01.srv.aau.dk
 -rettypeHTTP/1.1 429 Too Many Requests
curl: (22) The requested URL returned error: 429
 ERROR:  curl command failed ( Mon Feb 10 11:56:37 CET 2025 ) with: 22
-X POST https://eutils.ncbi.nlm.nih.gov/entrez/eutils/efetch.fcgi -d db=nuccore&id=NC_008610.gb&rettype=genbank&retmode=text&style=withparts&tool=edirect&edirect=22.4&edirect_os=Linux&email=zs85xk%40bio.aau.dk%40bio-oscloud01.srv.aau.dk
 -db 22.4HTTP/1.1 429 Too Many Requests
 genbank nuccore ERROR:  FAILURE ( Mon Feb 10 11:56:36 CET 2025 )
 -retmode -edirect_os -id text ERROR:  FAILURE ( Mon Feb 10 11:56:36 CET 2025 )
nquire Linuxnquire NC_023150.gb -style -url -email -url -rettype zs85xk@bio.aau.dk@bio-oscloud01.srv.aau.dk
EMPTY RESULT
QUERY FAILURE
 https://eutils.ncbi.nlm.nih.gov/entrez/eutils/ withparts https://eutils.ncbi.nlm.nih.gov/entrez/eutils/ -tool genbank efetch.fcgi efetch.fcgi edirect -retmode -db -db text -edirect nuccore nuccore -style -id -id 22.4 NC_009801.gb withparts -edirect_os NC_008610.gb -rettype -tool -rettype Linux edirect genbank genbank -email -edirect -retmode -retmode zs85xk@bio.aau.dk@bio-oscloud01.srv.aau.dk
 22.4 textEMPTY RESULT
QUERY FAILURE
 text -edirect_os -style -style withparts Linux -tool withparts -email -tool edirect zs85xk@bio.aau.dk@bio-oscloud01.srv.aau.dk
EMPTY RESULT
QUERY FAILURE
 edirect -edirect 22.4 -edirect -edirect_os 22.4 Linux -edirect_os -email Linux zs85xk@bio.aau.dk@bio-oscloud01.srv.aau.dk
EMPTY RESULT
QUERY FAILURE
 -email zs85xk@bio.aau.dk@bio-oscloud01.srv.aau.dk
EMPTY RESULT
QUERY FAILURE
curl: (22) The requested URL returned error: 400
 ERROR:  curl command failed ( Mon Feb 10 11:56:39 CET 2025 ) with: 22
-X POST https://eutils.ncbi.nlm.nih.gov/entrez/eutils/efetch.fcgi -d db=nuccore&id=NC_016616.gb&rettype=genbank&retmode=text&style=withparts&tool=edirect&edirect=22.4&edirect_os=Linux&email=zs85xk%40bio.aau.dk%40bio-oscloud01.srv.aau.dk
HTTP/1.1 400 Bad Request
curl: (22) The requested URL returned error: 400
 ERROR:  curl command failed ( Mon Feb 10 11:56:40 CET 2025 ) with: 22
-X POST https://eutils.ncbi.nlm.nih.gov/entrez/eutils/efetch.fcgi -d db=nuccore&id=NC_015671.gb&rettype=genbank&retmode=text&style=withparts&tool=edirect&edirect=22.4&edirect_os=Linux&email=zs85xk%40bio.aau.dk%40bio-oscloud01.srv.aau.dk
HTTP/1.1 400 Bad Request
curl: (22) The requested URL returned error: 429
 ERROR:  curl command failed ( Mon Feb 10 11:56:40 CET 2025 ) with: 22
-X POST https://eutils.ncbi.nlm.nih.gov/entrez/eutils/efetch.fcgi -d db=nuccore&id=NC_023150.gb&rettype=genbank&retmode=text&style=withparts&tool=edirect&edirect=22.4&edirect_os=Linux&email=zs85xk%40bio.aau.dk%40bio-oscloud01.srv.aau.dk
HTTP/1.1 429 Too Many Requests
curl: (22) The requested URL returned error: 429
 ERROR:  curl command failed ( Mon Feb 10 11:56:40 CET 2025 ) with: 22
-X POST https://eutils.ncbi.nlm.nih.gov/entrez/eutils/efetch.fcgi -d db=nuccore&id=NC_009801.gb&rettype=genbank&retmode=text&style=withparts&tool=edirect&edirect=22.4&edirect_os=Linux&email=zs85xk%40bio.aau.dk%40bio-oscloud01.srv.aau.dk
HTTP/1.1 429 Too Many Requests
curl: (22) The requested URL returned error: 400
 ERROR:  curl command failed ( Mon Feb 10 11:56:40 CET 2025 ) with: 22
-X POST https://eutils.ncbi.nlm.nih.gov/entrez/eutils/efetch.fcgi -d db=nuccore&id=NC_008610.gb&rettype=genbank&retmode=text&style=withparts&tool=edirect&edirect=22.4&edirect_os=Linux&email=zs85xk%40bio.aau.dk%40bio-oscloud01.srv.aau.dk
HTTP/1.1 400 Bad Request
curl: (22) The requested URL returned error: 429
 ERROR:  curl command failed ( Mon Feb 10 11:57:26 CET 2025 ) with: 22
-X POST https://eutils.ncbi.nlm.nih.gov/entrez/eutils/efetch.fcgi -d db=nuccore&id=NC_009801&rettype=genbank&retmode=text&style=withparts&tool=edirect&edirect=22.4&edirect_os=Linux&email=zs85xk%40bio.aau.dk%40bio-oscloud01.srv.aau.dk
curl: (22) The requested URL returned error: 429
 ERROR:  curl command failed ( Mon Feb 10 11:57:26 CET 2025 ) with: 22
-X POST https://eutils.ncbi.nlm.nih.gov/entrez/eutils/efetch.fcgi -d db=nuccore&id=NC_008610&rettype=genbank&retmode=text&style=withparts&tool=edirect&edirect=22.4&edirect_os=Linux&email=zs85xk%40bio.aau.dk%40bio-oscloud01.srv.aau.dk
HTTP/1.1 429 Too Many Requests
HTTP/1.1 429 Too Many Requests
 WARNING:  FAILURE ( Mon Feb 10 11:57:25 CET 2025 )
 WARNING:  FAILURE ( Mon Feb 10 11:57:25 CET 2025 )
nquirenquire -url -url https://eutils.ncbi.nlm.nih.gov/entrez/eutils/ https://eutils.ncbi.nlm.nih.gov/entrez/eutils/ efetch.fcgi efetch.fcgi -db nuccore -db -id nuccore NC_009801 -rettype -id genbank NC_008610 -retmode -rettype text genbank -style -retmode withparts -tool text edirect -style withparts -edirect 22.4 -tool -edirect_os Linux edirect -email -edirect zs85xk@bio.aau.dk@bio-oscloud01.srv.aau.dk
EMPTY RESULT
SECOND ATTEMPT
 22.4 -edirect_os Linux -email zs85xk@bio.aau.dk@bio-oscloud01.srv.aau.dk
EMPTY RESULT
SECOND ATTEMPT
